<?xml version="1.0" encoding="UTF-8"?>
<testsuite xmlns:xsi="http://www.w3.org/2001/XMLSchema-instance" xsi:noNamespaceSchemaLocation="https://maven.apache.org/surefire/maven-surefire-plugin/xsd/surefire-test-report.xsd" name="DoublyLinkedListDequeTest" time="0.031" tests="12" errors="0" skipped="0" failures="0">
  <properties>
    <property name="java.specification.version" value="17"/>
    <property name="sun.cpu.isalist" value="amd64"/>
    <property name="sun.jnu.encoding" value="Cp1252"/>
    <property name="java.class.path" value="D:\FERNANDO\3 carrera\IntelliJ\p2Mantenimiento\target\test-classes;D:\FERNANDO\3 carrera\IntelliJ\p2Mantenimiento\target\classes;C:\Users\josec\.m2\repository\org\junit\jupiter\junit-jupiter\5.9.2\junit-jupiter-5.9.2.jar;C:\Users\josec\.m2\repository\org\junit\jupiter\junit-jupiter-api\5.9.2\junit-jupiter-api-5.9.2.jar;C:\Users\josec\.m2\repository\org\opentest4j\opentest4j\1.2.0\opentest4j-1.2.0.jar;C:\Users\josec\.m2\repository\org\junit\platform\junit-platform-commons\1.9.2\junit-platform-commons-1.9.2.jar;C:\Users\josec\.m2\repository\org\apiguardian\apiguardian-api\1.1.2\apiguardian-api-1.1.2.jar;C:\Users\josec\.m2\repository\org\junit\jupiter\junit-jupiter-params\5.9.2\junit-jupiter-params-5.9.2.jar;C:\Users\josec\.m2\repository\org\junit\jupiter\junit-jupiter-engine\5.9.2\junit-jupiter-engine-5.9.2.jar;C:\Users\josec\.m2\repository\org\junit\platform\junit-platform-engine\1.9.2\junit-platform-engine-1.9.2.jar;C:\Users\josec\.m2\repository\org\hamcrest\hamcrest-library\2.2\hamcrest-library-2.2.jar;C:\Users\josec\.m2\repository\org\hamcrest\hamcrest-core\2.2\hamcrest-core-2.2.jar;C:\Users\josec\.m2\repository\org\hamcrest\hamcrest\2.2\hamcrest-2.2.jar;"/>
    <property name="java.vm.vendor" value="Oracle Corporation"/>
    <property name="sun.arch.data.model" value="64"/>
    <property name="user.variant" value=""/>
    <property name="java.vendor.url" value="https://java.oracle.com/"/>
    <property name="user.timezone" value="Europe/Madrid"/>
    <property name="os.name" value="Windows 10"/>
    <property name="java.vm.specification.version" value="17"/>
    <property name="sun.java.launcher" value="SUN_STANDARD"/>
    <property name="user.country" value="ES"/>
    <property name="sun.boot.library.path" value="C:\Program Files\Java\jdk-17.0.1\bin"/>
    <property name="sun.java.command" value="C:\Users\josec\AppData\Local\Temp\surefire2290121767023349304\surefirebooter9323300116606057899.jar C:\Users\josec\AppData\Local\Temp\surefire2290121767023349304 2023-03-07T12-31-01_964-jvmRun1 surefire15765140407705017876tmp surefire_07785450939997621260tmp"/>
    <property name="jdk.debug" value="release"/>
    <property name="surefire.test.class.path" value="D:\FERNANDO\3 carrera\IntelliJ\p2Mantenimiento\target\test-classes;D:\FERNANDO\3 carrera\IntelliJ\p2Mantenimiento\target\classes;C:\Users\josec\.m2\repository\org\junit\jupiter\junit-jupiter\5.9.2\junit-jupiter-5.9.2.jar;C:\Users\josec\.m2\repository\org\junit\jupiter\junit-jupiter-api\5.9.2\junit-jupiter-api-5.9.2.jar;C:\Users\josec\.m2\repository\org\opentest4j\opentest4j\1.2.0\opentest4j-1.2.0.jar;C:\Users\josec\.m2\repository\org\junit\platform\junit-platform-commons\1.9.2\junit-platform-commons-1.9.2.jar;C:\Users\josec\.m2\repository\org\apiguardian\apiguardian-api\1.1.2\apiguardian-api-1.1.2.jar;C:\Users\josec\.m2\repository\org\junit\jupiter\junit-jupiter-params\5.9.2\junit-jupiter-params-5.9.2.jar;C:\Users\josec\.m2\repository\org\junit\jupiter\junit-jupiter-engine\5.9.2\junit-jupiter-engine-5.9.2.jar;C:\Users\josec\.m2\repository\org\junit\platform\junit-platform-engine\1.9.2\junit-platform-engine-1.9.2.jar;C:\Users\josec\.m2\repository\org\hamcrest\hamcrest-library\2.2\hamcrest-library-2.2.jar;C:\Users\josec\.m2\repository\org\hamcrest\hamcrest-core\2.2\hamcrest-core-2.2.jar;C:\Users\josec\.m2\repository\org\hamcrest\hamcrest\2.2\hamcrest-2.2.jar;"/>
    <property name="sun.cpu.endian" value="little"/>
    <property name="user.home" value="C:\Users\josec"/>
    <property name="user.language" value="es"/>
    <property name="java.specification.vendor" value="Oracle Corporation"/>
    <property name="java.version.date" value="2021-10-19"/>
    <property name="java.home" value="C:\Program Files\Java\jdk-17.0.1"/>
    <property name="file.separator" value="\"/>
    <property name="basedir" value="D:\FERNANDO\3 carrera\IntelliJ\p2Mantenimiento"/>
    <property name="java.vm.compressedOopsMode" value="Zero based"/>
    <property name="line.separator" value="&#10;"/>
    <property name="java.vm.specification.vendor" value="Oracle Corporation"/>
    <property name="java.specification.name" value="Java Platform API Specification"/>
    <property name="surefire.real.class.path" value="C:\Users\josec\AppData\Local\Temp\surefire2290121767023349304\surefirebooter9323300116606057899.jar"/>
    <property name="user.script" value=""/>
    <property name="sun.management.compiler" value="HotSpot 64-Bit Tiered Compilers"/>
    <property name="java.runtime.version" value="17.0.1+12-LTS-39"/>
    <property name="user.name" value="josec"/>
    <property name="path.separator" value=";"/>
    <property name="os.version" value="10.0"/>
    <property name="java.runtime.name" value="Java(TM) SE Runtime Environment"/>
    <property name="file.encoding" value="Cp1252"/>
    <property name="java.vm.name" value="Java HotSpot(TM) 64-Bit Server VM"/>
    <property name="localRepository" value="C:\Users\josec\.m2\repository"/>
    <property name="java.vendor.url.bug" value="https://bugreport.java.com/bugreport/"/>
    <property name="java.io.tmpdir" value="C:\Users\josec\AppData\Local\Temp\"/>
    <property name="java.version" value="17.0.1"/>
    <property name="user.dir" value="D:\FERNANDO\3 carrera\IntelliJ\p2Mantenimiento"/>
    <property name="os.arch" value="amd64"/>
    <property name="java.vm.specification.name" value="Java Virtual Machine Specification"/>
    <property name="sun.os.patch.level" value=""/>
    <property name="native.encoding" value="Cp1252"/>
    <property name="java.library.path" value="C:\Program Files\Java\jdk-17.0.1\bin;C:\Windows\Sun\Java\bin;C:\Windows\system32;C:\Windows;C:\Program Files\Common Files\Oracle\Java\javapath;C:\Program Files\Haskell\bin;D:\FERNANDO\Haskell\lib\extralibs\bin;D:\FERNANDO\Haskell\bin;C:\Windows\system32;C:\Windows;C:\Windows\System32\Wbem;C:\Windows\System32\WindowsPowerShell\v1.0\;C:\Windows\System32\OpenSSH\;C:\Program Files\AutoFirmaJA\AutoFirmaJA;C:\Program Files\NVIDIA Corporation\NVIDIA NvDLISR;C:\Program Files (x86)\NVIDIA Corporation\PhysX\Common;D:\FERNANDO\Haskell\mingw\bin;C:\Program Files\apache-maven-3.9.0\bin;C:\Program Files\Git\cmd;C:\Users\josec\AppData\Local\Programs\Python\Python310\Scripts\;C:\Users\josec\AppData\Local\Programs\Python\Python310\;C:\Users\josec\AppData\Roaming\cabal\bin;D:\FERNANDO\Haskell\bin;C:\Users\josec\AppData\Local\Microsoft\WindowsApps;D:\FERNANDO\Microsoft VS Code\bin;."/>
    <property name="java.vm.info" value="mixed mode, sharing"/>
    <property name="java.vendor" value="Oracle Corporation"/>
    <property name="java.vm.version" value="17.0.1+12-LTS-39"/>
    <property name="sun.io.unicode.encoding" value="UnicodeLittle"/>
    <property name="java.class.version" value="61.0"/>
  </properties>
  <testcase name="prependShouldAddElementAtBeginning" classname="DoublyLinkedListDequeTest$WhenIsNotEmpty" time="0"/>
  <testcase name="appendShouldAddElementAtEnd" classname="DoublyLinkedListDequeTest$WhenIsNotEmpty" time="0"/>
  <testcase name="lastShouldReturnLastElement" classname="DoublyLinkedListDequeTest$WhenIsNotEmpty" time="0"/>
  <testcase name="deleteFirstShouldRemoveFirstElement" classname="DoublyLinkedListDequeTest$WhenIsNotEmpty" time="0"/>
  <testcase name="sizeShouldBeGreaterThanZero" classname="DoublyLinkedListDequeTest$WhenIsNotEmpty" time="0.011"/>
  <testcase name="deleteLastShouldRemoveLastElement" classname="DoublyLinkedListDequeTest$WhenIsNotEmpty" time="0.001"/>
  <testcase name="firstShouldReturnFirstElement" classname="DoublyLinkedListDequeTest$WhenIsNotEmpty" time="0.001"/>
  <testcase name="sizeShouldBeZero" classname="DoublyLinkedListDequeTest$WhenIsEmpty" time="0"/>
  <testcase name="lastElementShouldThrowException" classname="DoublyLinkedListDequeTest$WhenIsEmpty" time="0.002"/>
  <testcase name="deleteFirstShouldThrowException" classname="DoublyLinkedListDequeTest$WhenIsEmpty" time="0.001"/>
  <testcase name="firstElementShouldThrowException" classname="DoublyLinkedListDequeTest$WhenIsEmpty" time="0.001"/>
  <testcase name="deleteLastShouldThrowException" classname="DoublyLinkedListDequeTest$WhenIsEmpty" time="0.002"/>
</testsuite>